[2025-06-13 23:00:02] === НОВЫЙ ЗАПРОС ===
{
    "query": "я вам"
}

[2025-06-13 23:00:02] Подключаем конфигурацию

[2025-06-13 23:00:02] Конфигурация загружена
{
    "APP_ENV": "development",
    "DB_HOST": "127.0.0.1",
    "DB_NAME": "polygon-zubrilka-test",
    "LOGS_DIR": "\/Users\/musaevhs\/Sites\/testing\/polygon-zubrilka\/config\/logs"
}

[2025-06-13 23:00:02] Получен поисковый запрос
{
    "query": "я вам"
}

[2025-06-13 23:00:02] Подготовлен поисковый термин
{
    "searchTerm": "%я вам%"
}

